<?xml version="1.0" encoding="UTF-8"?>
<testng-results ignored="0" total="1" passed="1" failed="0" skipped="0">
  <reporter-output>
  </reporter-output>
  <suite started-at="2026-05-06T17:47:07 IST" name="Default suite" finished-at="2026-05-06T17:47:11 IST" duration-ms="4082">
    <groups>
    </groups>
    <test started-at="2026-05-06T17:47:07 IST" name="Default test" finished-at="2026-05-06T17:47:11 IST" duration-ms="4082">
      <class name="tests.FormFillingTest">
        <test-method is-config="true" signature="Setup()[pri:0, instance:tests.FormFillingTest@4c583ecf]" started-at="2026-05-06T17:47:07 IST" name="Setup" finished-at="2026-05-06T17:47:10 IST" duration-ms="3277" status="PASS">
          <reporter-output>
          </reporter-output>
        </test-method> <!-- Setup -->
        <test-method signature="RegForm()[pri:0, instance:tests.FormFillingTest@4c583ecf]" started-at="2026-05-06T17:47:10 IST" name="RegForm" finished-at="2026-05-06T17:47:11 IST" duration-ms="766" status="PASS">
          <reporter-output>
          </reporter-output>
        </test-method> <!-- RegForm -->
      </class> <!-- tests.FormFillingTest -->
    </test> <!-- Default test -->
  </suite> <!-- Default suite -->
</testng-results>
